<?xml version="1.0" encoding="UTF-8"?>
<!-- Generated by org.testng.reporters.JUnitXMLReporter -->
<testsuite hostname="DESKTOP-93CM2VI" name="Surefire test" tests="23" failures="0" timestamp="4 Apr 2021 03:08:37 GMT" time="0.051" errors="0">
  <testcase name="@BeforeClass TestSetUp" time="0.0" classname="Target.TestFindMyStore">
    <failure type="org.testng.TestNGException" message="
Parameter &amp;apos;Browser&amp;apos; is required by @Configuration on method TestSetUp but has not been marked @Optional or defined
">
      <![CDATA[org.testng.TestNGException: 
Parameter 'Browser' is required by @Configuration on method TestSetUp but has not been marked @Optional or defined

... Removed 26 stack frames]]>
    </failure>
  </testcase> <!-- @BeforeClass TestSetUp -->
  <testcase name="@BeforeMethod methodLevelSetUp" time="0.0" classname="Target.TestFindMyStore">
    <skipped/>
  </testcase> <!-- @BeforeMethod methodLevelSetUp -->
  <testcase name="@AfterClass teardown" time="0.0" classname="Target.TestFindMyStore">
    <skipped/>
  </testcase> <!-- @AfterClass teardown -->
  <testcase name="@BeforeClass TestSetUp" time="0.0" classname="Target.TestTargetCategories">
    <skipped/>
  </testcase> <!-- @BeforeClass TestSetUp -->
  <testcase name="@BeforeMethod methodLevelSetUp" time="0.0" classname="Target.TestTargetCategories">
    <skipped/>
  </testcase> <!-- @BeforeMethod methodLevelSetUp -->
  <testcase name="@BeforeMethod methodLevelSetUp" time="0.0" classname="Target.TestTargetCategories">
    <skipped/>
  </testcase> <!-- @BeforeMethod methodLevelSetUp -->
  <testcase name="@AfterClass teardown" time="0.0" classname="Target.TestTargetCategories">
    <skipped/>
  </testcase> <!-- @AfterClass teardown -->
  <testcase name="@BeforeClass TestSetUp" time="0.0" classname="Target.TestTargetDetailPage">
    <skipped/>
  </testcase> <!-- @BeforeClass TestSetUp -->
  <testcase name="@BeforeMethod methodLevelSetUp" time="0.0" classname="Target.TestTargetDetailPage">
    <skipped/>
  </testcase> <!-- @BeforeMethod methodLevelSetUp -->
  <testcase name="@BeforeMethod methodLevelSetUp" time="0.0" classname="Target.TestTargetDetailPage">
    <skipped/>
  </testcase> <!-- @BeforeMethod methodLevelSetUp -->
  <testcase name="@AfterClass teardown" time="0.0" classname="Target.TestTargetDetailPage">
    <skipped/>
  </testcase> <!-- @AfterClass teardown -->
  <testcase name="@BeforeClass TestSetUp" time="0.0" classname="Target.TestTargetFavoritePage">
    <skipped/>
  </testcase> <!-- @BeforeClass TestSetUp -->
  <testcase name="@BeforeMethod methodLevelSetUp" time="0.0" classname="Target.TestTargetFavoritePage">
    <skipped/>
  </testcase> <!-- @BeforeMethod methodLevelSetUp -->
  <testcase name="@BeforeMethod methodLevelSetUp" time="0.0" classname="Target.TestTargetFavoritePage">
    <skipped/>
  </testcase> <!-- @BeforeMethod methodLevelSetUp -->
  <testcase name="@BeforeMethod methodLevelSetUp" time="0.0" classname="Target.TestTargetFavoritePage">
    <skipped/>
  </testcase> <!-- @BeforeMethod methodLevelSetUp -->
  <testcase name="@BeforeMethod methodLevelSetUp" time="0.0" classname="Target.TestTargetFavoritePage">
    <skipped/>
  </testcase> <!-- @BeforeMethod methodLevelSetUp -->
  <testcase name="@AfterClass teardown" time="0.0" classname="Target.TestTargetFavoritePage">
    <skipped/>
  </testcase> <!-- @AfterClass teardown -->
  <testcase name="@BeforeClass TestSetUp" time="0.0" classname="Target.TestTargetLogin">
    <skipped/>
  </testcase> <!-- @BeforeClass TestSetUp -->
  <testcase name="@BeforeMethod methodLevelSetUp" time="0.0" classname="Target.TestTargetLogin">
    <skipped/>
  </testcase> <!-- @BeforeMethod methodLevelSetUp -->
  <testcase name="@BeforeMethod methodLevelSetUp" time="0.0" classname="Target.TestTargetLogin">
    <skipped/>
  </testcase> <!-- @BeforeMethod methodLevelSetUp -->
  <testcase name="@BeforeMethod methodLevelSetUp" time="0.0" classname="Target.TestTargetLogin">
    <skipped/>
  </testcase> <!-- @BeforeMethod methodLevelSetUp -->
  <testcase name="@AfterClass teardown" time="0.0" classname="Target.TestTargetLogin">
    <skipped/>
  </testcase> <!-- @AfterClass teardown -->
  <testcase name="@BeforeClass TestSetUp" time="0.0" classname="Target.TestTargetMenuNav">
    <skipped/>
  </testcase> <!-- @BeforeClass TestSetUp -->
  <testcase name="@BeforeMethod methodLevelSetUp" time="0.0" classname="Target.TestTargetMenuNav">
    <skipped/>
  </testcase> <!-- @BeforeMethod methodLevelSetUp -->
  <testcase name="@AfterClass teardown" time="0.0" classname="Target.TestTargetMenuNav">
    <skipped/>
  </testcase> <!-- @AfterClass teardown -->
  <testcase name="@BeforeClass TestSetUp" time="0.0" classname="Target.TestTargetPage">
    <skipped/>
  </testcase> <!-- @BeforeClass TestSetUp -->
  <testcase name="@BeforeMethod methodLevelSetUp" time="0.0" classname="Target.TestTargetPage">
    <skipped/>
  </testcase> <!-- @BeforeMethod methodLevelSetUp -->
  <testcase name="@AfterMethod resetTest" time="0.0" classname="Target.TestTargetPage">
    <skipped/>
  </testcase> <!-- @AfterMethod resetTest -->
  <testcase name="@AfterClass teardown" time="0.0" classname="Target.TestTargetPage">
    <skipped/>
  </testcase> <!-- @AfterClass teardown -->
  <testcase name="@BeforeClass TestSetUp" time="0.0" classname="Target.TestTargetPasswordRecoveryPage">
    <skipped/>
  </testcase> <!-- @BeforeClass TestSetUp -->
  <testcase name="@BeforeMethod methodLevelSetUp" time="0.0" classname="Target.TestTargetPasswordRecoveryPage">
    <skipped/>
  </testcase> <!-- @BeforeMethod methodLevelSetUp -->
  <testcase name="@BeforeMethod methodLevelSetUp" time="0.0" classname="Target.TestTargetPasswordRecoveryPage">
    <skipped/>
  </testcase> <!-- @BeforeMethod methodLevelSetUp -->
  <testcase name="@AfterClass teardown" time="0.0" classname="Target.TestTargetPasswordRecoveryPage">
    <skipped/>
  </testcase> <!-- @AfterClass teardown -->
  <testcase name="@BeforeClass TestSetUp" time="0.0" classname="Target.TestTargetSearchPage">
    <skipped/>
  </testcase> <!-- @BeforeClass TestSetUp -->
  <testcase name="@BeforeMethod methodLevelSetUp" time="0.0" classname="Target.TestTargetSearchPage">
    <skipped/>
  </testcase> <!-- @BeforeMethod methodLevelSetUp -->
  <testcase name="@BeforeMethod methodLevelSetUp" time="0.0" classname="Target.TestTargetSearchPage">
    <skipped/>
  </testcase> <!-- @BeforeMethod methodLevelSetUp -->
  <testcase name="@BeforeMethod methodLevelSetUp" time="0.0" classname="Target.TestTargetSearchPage">
    <skipped/>
  </testcase> <!-- @BeforeMethod methodLevelSetUp -->
  <testcase name="@BeforeMethod methodLevelSetUp" time="0.0" classname="Target.TestTargetSearchPage">
    <skipped/>
  </testcase> <!-- @BeforeMethod methodLevelSetUp -->
  <testcase name="@BeforeMethod methodLevelSetUp" time="0.0" classname="Target.TestTargetSearchPage">
    <skipped/>
  </testcase> <!-- @BeforeMethod methodLevelSetUp -->
  <testcase name="@AfterClass teardown" time="0.0" classname="Target.TestTargetSearchPage">
    <skipped/>
  </testcase> <!-- @AfterClass teardown -->
  <testcase name="@BeforeClass TestSetUp" time="0.0" classname="Target.TestTargetShoppingCart">
    <skipped/>
  </testcase> <!-- @BeforeClass TestSetUp -->
  <testcase name="@BeforeMethod methodLevelSetUp" time="0.0" classname="Target.TestTargetShoppingCart">
    <skipped/>
  </testcase> <!-- @BeforeMethod methodLevelSetUp -->
  <testcase name="@BeforeMethod methodLevelSetUp" time="0.0" classname="Target.TestTargetShoppingCart">
    <skipped/>
  </testcase> <!-- @BeforeMethod methodLevelSetUp -->
  <testcase name="@AfterClass teardown" time="0.0" classname="Target.TestTargetShoppingCart">
    <skipped/>
  </testcase> <!-- @AfterClass teardown -->
  <testcase name="smokeTestFilterStore" time="0.004" classname="Target.TestFindMyStore">
    <skipped/>
  </testcase> <!-- smokeTestFilterStore -->
  <testcase name="regressionClothesFilters" time="0.0" classname="Target.TestTargetCategories">
    <skipped/>
  </testcase> <!-- regressionClothesFilters -->
  <testcase name="regressionDeliveryFilters" time="0.0" classname="Target.TestTargetCategories">
    <skipped/>
  </testcase> <!-- regressionDeliveryFilters -->
  <testcase name="testDisplayDetailItem" time="0.0" classname="Target.TestTargetDetailPage">
    <skipped/>
  </testcase> <!-- testDisplayDetailItem -->
  <testcase name="testNotDetailFoundItem" time="0.0" classname="Target.TestTargetDetailPage">
    <skipped/>
  </testcase> <!-- testNotDetailFoundItem -->
  <testcase name="testFavoriteSave" time="0.0" classname="Target.TestTargetFavoritePage">
    <skipped/>
  </testcase> <!-- testFavoriteSave -->
  <testcase name="testFavoriteSaveDisplay" time="0.0" classname="Target.TestTargetFavoritePage">
    <skipped/>
  </testcase> <!-- testFavoriteSaveDisplay -->
  <testcase name="testFavoriteSaveRemove" time="0.0" classname="Target.TestTargetFavoritePage">
    <skipped/>
  </testcase> <!-- testFavoriteSaveRemove -->
  <testcase name="testFavoriteSaveRemoveDisplay" time="0.0" classname="Target.TestTargetFavoritePage">
    <skipped/>
  </testcase> <!-- testFavoriteSaveRemoveDisplay -->
  <testcase name="createAccountWithUsedEmail" time="0.001" classname="Target.TestTargetLogin">
    <skipped/>
  </testcase> <!-- createAccountWithUsedEmail -->
  <testcase name="testFakeUserLogin" time="0.0" classname="Target.TestTargetLogin">
    <skipped/>
  </testcase> <!-- testFakeUserLogin -->
  <testcase name="testLogin" time="0.0" classname="Target.TestTargetLogin">
    <skipped/>
  </testcase> <!-- testLogin -->
  <testcase name="regressionWhatsNewNav" time="0.0" classname="Target.TestTargetMenuNav">
    <skipped/>
  </testcase> <!-- regressionWhatsNewNav -->
  <testcase name="regressionUseLocation" time="0.0" classname="Target.TestTargetPage">
    <skipped/>
  </testcase> <!-- regressionUseLocation -->
  <testcase name="testFakePasswordRecovery" time="0.001" classname="Target.TestTargetPasswordRecoveryPage">
    <skipped/>
  </testcase> <!-- testFakePasswordRecovery -->
  <testcase name="testPasswordRecovery" time="0.0" classname="Target.TestTargetPasswordRecoveryPage">
    <skipped/>
  </testcase> <!-- testPasswordRecovery -->
  <testcase name="testCategoryNotFound" time="0.0" classname="Target.TestTargetSearchPage">
    <skipped/>
  </testcase> <!-- testCategoryNotFound -->
  <testcase name="testDisplayCategory" time="0.0" classname="Target.TestTargetSearchPage">
    <skipped/>
  </testcase> <!-- testDisplayCategory -->
  <testcase name="testSearchCategory" time="0.0" classname="Target.TestTargetSearchPage">
    <skipped/>
  </testcase> <!-- testSearchCategory -->
  <testcase name="testSearchItem" time="0.0" classname="Target.TestTargetSearchPage">
    <skipped/>
  </testcase> <!-- testSearchItem -->
  <testcase name="testSupportTypoItem" time="0.0" classname="Target.TestTargetSearchPage">
    <skipped/>
  </testcase> <!-- testSupportTypoItem -->
  <testcase name="addItemToCart" time="0.0" classname="Target.TestTargetShoppingCart">
    <skipped/>
  </testcase> <!-- addItemToCart -->
  <testcase name="deleteItemfromCart" time="0.0" classname="Target.TestTargetShoppingCart">
    <skipped/>
  </testcase> <!-- deleteItemfromCart -->
</testsuite> <!-- Surefire test -->
