<?xml version="1.0" encoding="UTF-8"?>
<!-- Generated by org.testng.reporters.JUnitXMLReporter -->
<testsuite hostname="SOLANOD" name="FavoritesPage" tests="4" failures="1" timestamp="10 Apr 2021 01:14:32 GMT" time="104.685" errors="0">
  <testcase name="testFavoriteSave" time="46.09" classname="Target.TestTargetFavoritePage"/>
  <testcase name="testFavoriteSaveDisplay" time="11.31" classname="Target.TestTargetFavoritePage"/>
  <testcase name="testFavoriteSaveRemove" time="30.546" classname="Target.TestTargetFavoritePage"/>
  <testcase name="testFavoriteSaveRemoveDisplay" time="9.26" classname="Target.TestTargetFavoritePage">
    <failure type="java.lang.IndexOutOfBoundsException" message="Index: 2, Size: 2">
      <![CDATA[java.lang.IndexOutOfBoundsException: Index: 2, Size: 2
	at java.util.ArrayList.rangeCheck(ArrayList.java:659)
	at java.util.ArrayList.get(ArrayList.java:435)
	at Target.TargetFavoritePage.noFavoritesSaved(TargetFavoritePage.java:30)
	at Target.TestTargetFavoritePage.testFavoriteSaveRemoveDisplay(TestTargetFavoritePage.java:49)
	at com.intellij.rt.testng.IDEARemoteTestNG.run(IDEARemoteTestNG.java:66)
	at com.intellij.rt.testng.RemoteTestNGStarter.main(RemoteTestNGStarter.java:109)
... Removed 22 stack frames]]>
    </failure>
  </testcase> <!-- testFavoriteSaveRemoveDisplay -->
</testsuite> <!-- FavoritesPage -->
