<?xml version="1.0" encoding="UTF-8"?>
<!-- Generated by org.testng.reporters.JUnitXMLReporter -->
<testsuite hostname="SOLANOD" name="Home" tests="6" failures="0" timestamp="10 Apr 2021 01:15:14 GMT" time="41.893" errors="0">
  <testcase name="invalidZipCode" time="3.394" classname="Target.TestTargetPage"/>
  <testcase name="logoNavTest" time="5.835" classname="Target.TestTargetPage"/>
  <testcase name="logoNavTestOnHome" time="1.997" classname="Target.TestTargetPage"/>
  <testcase name="regressionSearchStores" time="11.76" classname="Target.TestTargetPage"/>
  <testcase name="regressionUseLocation" time="2.32" classname="Target.TestTargetPage"/>
  <testcase name="searchLocationByValidZip" time="3.438" classname="Target.TestTargetPage"/>
</testsuite> <!-- Home -->
