<?xml version="1.0" encoding="UTF-8"?>
<!-- Generated by org.testng.reporters.JUnitXMLReporter -->
<testsuite hostname="SOLANOD" name="Login" tests="3" failures="0" timestamp="10 Apr 2021 01:11:57 GMT" time="146.488" errors="0">
  <testcase name="createAccountWithUsedEmail" time="11.344" classname="Target.TestTargetLogin"/>
  <testcase name="testFakeUserLogin" time="7.415" classname="Target.TestTargetLogin"/>
  <testcase name="testLogin" time="87.801" classname="Target.TestTargetLogin"/>
</testsuite> <!-- Login -->
