<?xml version="1.0" encoding="UTF-8"?>
<!-- Generated by org.testng.reporters.JUnitXMLReporter -->
<testsuite hostname="SOLANOD" name="Navigation" tests="2" failures="1" timestamp="10 Apr 2021 01:18:02 GMT" time="29.931" errors="0">
  <testcase name="regressionDealsNav" time="14.093" classname="Target.TestTargetMenuNav"/>
  <testcase name="regressionWhatsNewNav" time="6.185" classname="Target.TestTargetMenuNav">
    <failure type="java.lang.AssertionError" message="expected [true] but found [false]">
      <![CDATA[java.lang.AssertionError: expected [true] but found [false]
	at Target.TestTargetMenuNav.regressionWhatsNewNav(TestTargetMenuNav.java:55)
	at com.intellij.rt.testng.IDEARemoteTestNG.run(IDEARemoteTestNG.java:66)
	at com.intellij.rt.testng.RemoteTestNGStarter.main(RemoteTestNGStarter.java:109)
... Removed 26 stack frames]]>
    </failure>
  </testcase> <!-- regressionWhatsNewNav -->
</testsuite> <!-- Navigation -->
