<?xml version="1.0" encoding="UTF-8"?>
<!-- Generated by org.testng.reporters.JUnitXMLReporter -->
<testsuite hostname="SOLANOD" name="SearchPage" tests="5" failures="1" timestamp="10 Apr 2021 01:18:48 GMT" time="46.346" errors="0">
  <testcase name="testCategoryNotFound" time="3.299" classname="Target.TestTargetSearchPage"/>
  <testcase name="testDisplayCategory" time="10.292" classname="Target.TestTargetSearchPage">
    <failure type="java.lang.AssertionError" message="expected [true] but found [false]">
      <![CDATA[java.lang.AssertionError: expected [true] but found [false]
	at Target.TestTargetSearchPage.testDisplayCategory(TestTargetSearchPage.java:20)
	at com.intellij.rt.testng.IDEARemoteTestNG.run(IDEARemoteTestNG.java:66)
	at com.intellij.rt.testng.RemoteTestNGStarter.main(RemoteTestNGStarter.java:109)
... Removed 26 stack frames]]>
    </failure>
  </testcase> <!-- testDisplayCategory -->
  <testcase name="testSearchCategory" time="7.73" classname="Target.TestTargetSearchPage"/>
  <testcase name="testSearchItem" time="6.281" classname="Target.TestTargetSearchPage"/>
  <testcase name="testSupportTypoItem" time="11.116" classname="Target.TestTargetSearchPage"/>
</testsuite> <!-- SearchPage -->
