<?xml version="1.0" encoding="UTF-8"?>
<testsuite xmlns:xsi="http://www.w3.org/2001/XMLSchema-instance" xsi:schemaLocation="https://maven.apache.org/surefire/maven-surefire-plugin/xsd/surefire-test-report.xsd" name="TestSuite" time="0.642" tests="67" errors="0" skipped="66" failures="1">
  <properties>
[...]
</properties>
  <testcase name="TestSetUp" classname="Target.TestFindMyStore" time="0.353">
    <failure message="&#10;Parameter &apos;Browser&apos; is required by @Configuration on method TestSetUp but has not been marked @Optional or defined&#10;" type="org.testng.TestNGException">org.testng.TestNGException: 

Parameter 'Browser' is required by @Configuration on method TestSetUp but has not been marked @Optional or defined

</failure>
  </testcase>
  <testcase name="methodLevelSetUp" classname="Target.TestFindMyStore" time="0">
    <skipped/>
  </testcase>
  <testcase name="smokeTestFilterStore" classname="Target.TestFindMyStore" time="0">
    <skipped/>
  </testcase>
  <testcase name="teardown" classname="Target.TestFindMyStore" time="0">
    <skipped/>
  </testcase>
  <testcase name="TestSetUp" classname="Target.TestTargetCategories" time="0">
    <skipped/>
  </testcase>
  <testcase name="methodLevelSetUp" classname="Target.TestTargetCategories" time="0">
    <skipped/>
  </testcase>
  <testcase name="methodLevelSetUp" classname="Target.TestTargetCategories" time="0">
    <skipped/>
  </testcase>
  <testcase name="regressionClothesFilters" classname="Target.TestTargetCategories" time="0">
    <skipped/>
  </testcase>
  <testcase name="regressionDeliveryFilters" classname="Target.TestTargetCategories" time="0">
    <skipped/>
  </testcase>
  <testcase name="teardown" classname="Target.TestTargetCategories" time="0">
    <skipped/>
  </testcase>
  <testcase name="TestSetUp" classname="Target.TestTargetDetailPage" time="0">
    <skipped/>
  </testcase>
  <testcase name="methodLevelSetUp" classname="Target.TestTargetDetailPage" time="0">
    <skipped/>
  </testcase>
  <testcase name="methodLevelSetUp" classname="Target.TestTargetDetailPage" time="0">
    <skipped/>
  </testcase>
  <testcase name="testDisplayDetailItem" classname="Target.TestTargetDetailPage" time="0">
    <skipped/>
  </testcase>
  <testcase name="testNotDetailFoundItem" classname="Target.TestTargetDetailPage" time="0">
    <skipped/>
  </testcase>
  <testcase name="teardown" classname="Target.TestTargetDetailPage" time="0">
    <skipped/>
  </testcase>
  <testcase name="TestSetUp" classname="Target.TestTargetFavoritePage" time="0">
    <skipped/>
  </testcase>
  <testcase name="methodLevelSetUp" classname="Target.TestTargetFavoritePage" time="0">
    <skipped/>
  </testcase>
  <testcase name="methodLevelSetUp" classname="Target.TestTargetFavoritePage" time="0">
    <skipped/>
  </testcase>
  <testcase name="methodLevelSetUp" classname="Target.TestTargetFavoritePage" time="0">
    <skipped/>
  </testcase>
  <testcase name="methodLevelSetUp" classname="Target.TestTargetFavoritePage" time="0">
    <skipped/>
  </testcase>
  <testcase name="testFavoriteSave" classname="Target.TestTargetFavoritePage" time="0">
    <skipped/>
  </testcase>
  <testcase name="testFavoriteSaveDisplay" classname="Target.TestTargetFavoritePage" time="0">
    <skipped/>
  </testcase>
  <testcase name="testFavoriteSaveRemove" classname="Target.TestTargetFavoritePage" time="0">
    <skipped/>
  </testcase>
  <testcase name="testFavoriteSaveRemoveDisplay" classname="Target.TestTargetFavoritePage" time="0">
    <skipped/>
  </testcase>
  <testcase name="teardown" classname="Target.TestTargetFavoritePage" time="0">
    <skipped/>
  </testcase>
  <testcase name="TestSetUp" classname="Target.TestTargetLogin" time="0">
    <skipped/>
  </testcase>
  <testcase name="methodLevelSetUp" classname="Target.TestTargetLogin" time="0">
    <skipped/>
  </testcase>
  <testcase name="methodLevelSetUp" classname="Target.TestTargetLogin" time="0">
    <skipped/>
  </testcase>
  <testcase name="methodLevelSetUp" classname="Target.TestTargetLogin" time="0">
    <skipped/>
  </testcase>
  <testcase name="createAccountWithUsedEmail" classname="Target.TestTargetLogin" time="0">
    <skipped/>
  </testcase>
  <testcase name="testFakeUserLogin" classname="Target.TestTargetLogin" time="0">
    <skipped/>
  </testcase>
  <testcase name="testLogin" classname="Target.TestTargetLogin" time="0">
    <skipped/>
  </testcase>
  <testcase name="teardown" classname="Target.TestTargetLogin" time="0">
    <skipped/>
  </testcase>
  <testcase name="TestSetUp" classname="Target.TestTargetMenuNav" time="0">
    <skipped/>
  </testcase>
  <testcase name="methodLevelSetUp" classname="Target.TestTargetMenuNav" time="0">
    <skipped/>
  </testcase>
  <testcase name="regressionWhatsNewNav" classname="Target.TestTargetMenuNav" time="0">
    <skipped/>
  </testcase>
  <testcase name="teardown" classname="Target.TestTargetMenuNav" time="0">
    <skipped/>
  </testcase>
  <testcase name="TestSetUp" classname="Target.TestTargetPage" time="0">
    <skipped/>
  </testcase>
  <testcase name="methodLevelSetUp" classname="Target.TestTargetPage" time="0">
    <skipped/>
  </testcase>
  <testcase name="regressionUseLocation" classname="Target.TestTargetPage" time="0">
    <skipped/>
  </testcase>
  <testcase name="resetTest" classname="Target.TestTargetPage" time="0">
    <skipped/>
  </testcase>
  <testcase name="teardown" classname="Target.TestTargetPage" time="0">
    <skipped/>
  </testcase>
  <testcase name="TestSetUp" classname="Target.TestTargetPasswordRecoveryPage" time="0">
    <skipped/>
  </testcase>
  <testcase name="methodLevelSetUp" classname="Target.TestTargetPasswordRecoveryPage" time="0">
    <skipped/>
  </testcase>
  <testcase name="methodLevelSetUp" classname="Target.TestTargetPasswordRecoveryPage" time="0">
    <skipped/>
  </testcase>
  <testcase name="testFakePasswordRecovery" classname="Target.TestTargetPasswordRecoveryPage" time="0">
    <skipped/>
  </testcase>
  <testcase name="testPasswordRecovery" classname="Target.TestTargetPasswordRecoveryPage" time="0">
    <skipped/>
  </testcase>
  <testcase name="teardown" classname="Target.TestTargetPasswordRecoveryPage" time="0">
    <skipped/>
  </testcase>
  <testcase name="TestSetUp" classname="Target.TestTargetSearchPage" time="0">
    <skipped/>
  </testcase>
  <testcase name="methodLevelSetUp" classname="Target.TestTargetSearchPage" time="0">
    <skipped/>
  </testcase>
  <testcase name="methodLevelSetUp" classname="Target.TestTargetSearchPage" time="0">
    <skipped/>
  </testcase>
  <testcase name="methodLevelSetUp" classname="Target.TestTargetSearchPage" time="0">
    <skipped/>
  </testcase>
  <testcase name="methodLevelSetUp" classname="Target.TestTargetSearchPage" time="0">
    <skipped/>
  </testcase>
  <testcase name="methodLevelSetUp" classname="Target.TestTargetSearchPage" time="0">
    <skipped/>
  </testcase>
  <testcase name="testCategoryNotFound" classname="Target.TestTargetSearchPage" time="0">
    <skipped/>
  </testcase>
  <testcase name="testDisplayCategory" classname="Target.TestTargetSearchPage" time="0">
    <skipped/>
  </testcase>
  <testcase name="testSearchCategory" classname="Target.TestTargetSearchPage" time="0">
    <skipped/>
  </testcase>
  <testcase name="testSearchItem" classname="Target.TestTargetSearchPage" time="0">
    <skipped/>
  </testcase>
  <testcase name="testSupportTypoItem" classname="Target.TestTargetSearchPage" time="0">
    <skipped/>
  </testcase>
  <testcase name="teardown" classname="Target.TestTargetSearchPage" time="0">
    <skipped/>
  </testcase>
  <testcase name="TestSetUp" classname="Target.TestTargetShoppingCart" time="0">
    <skipped/>
  </testcase>
  <testcase name="methodLevelSetUp" classname="Target.TestTargetShoppingCart" time="0">
    <skipped/>
  </testcase>
  <testcase name="methodLevelSetUp" classname="Target.TestTargetShoppingCart" time="0">
    <skipped/>
  </testcase>
  <testcase name="addItemToCart" classname="Target.TestTargetShoppingCart" time="0">
    <skipped/>
  </testcase>
  <testcase name="deleteItemfromCart" classname="Target.TestTargetShoppingCart" time="0">
    <skipped/>
  </testcase>
  <testcase name="teardown" classname="Target.TestTargetShoppingCart" time="0">
    <skipped/>
  </testcase>
</testsuite>