<?xml version="1.0" encoding="UTF-8"?>
<testng-results skipped="23" failed="0" total="23" passed="0">
  <reporter-output>
  </reporter-output>
  <suite name="Surefire suite" duration-ms="51" started-at="2021-04-04T03:08:37Z" finished-at="2021-04-04T03:08:37Z">
    <groups>
    </groups>
    <test name="Surefire test" duration-ms="51" started-at="2021-04-04T03:08:37Z" finished-at="2021-04-04T03:08:37Z">
      <class name="Target.TestTargetPasswordRecoveryPage">
        <test-method status="SKIP" signature="TestSetUp(java.lang.String, java.lang.String)[pri:0, instance:Target.TestTargetPasswordRecoveryPage@38082d64]" name="TestSetUp" is-config="true" duration-ms="0" started-at="2021-04-03T21:08:37Z" finished-at="2021-04-03T21:08:37Z">
          <reporter-output>
          </reporter-output>
        </test-method> <!-- TestSetUp -->
        <test-method status="SKIP" signature="methodLevelSetUp()[pri:0, instance:Target.TestTargetPasswordRecoveryPage@38082d64]" name="methodLevelSetUp" is-config="true" duration-ms="0" started-at="2021-04-03T21:08:37Z" finished-at="2021-04-03T21:08:37Z">
          <reporter-output>
          </reporter-output>
        </test-method> <!-- methodLevelSetUp -->
        <test-method status="SKIP" signature="testFakePasswordRecovery()[pri:0, instance:Target.TestTargetPasswordRecoveryPage@38082d64]" name="testFakePasswordRecovery" duration-ms="1" started-at="2021-04-03T21:08:37Z" finished-at="2021-04-03T21:08:37Z">
          <reporter-output>
          </reporter-output>
        </test-method> <!-- testFakePasswordRecovery -->
        <test-method status="SKIP" signature="methodLevelSetUp()[pri:0, instance:Target.TestTargetPasswordRecoveryPage@38082d64]" name="methodLevelSetUp" is-config="true" duration-ms="0" started-at="2021-04-03T21:08:37Z" finished-at="2021-04-03T21:08:37Z">
          <reporter-output>
          </reporter-output>
        </test-method> <!-- methodLevelSetUp -->
        <test-method status="SKIP" signature="testPasswordRecovery()[pri:0, instance:Target.TestTargetPasswordRecoveryPage@38082d64]" name="testPasswordRecovery" duration-ms="0" started-at="2021-04-03T21:08:37Z" finished-at="2021-04-03T21:08:37Z">
          <reporter-output>
          </reporter-output>
        </test-method> <!-- testPasswordRecovery -->
        <test-method status="SKIP" signature="teardown()[pri:0, instance:Target.TestTargetPasswordRecoveryPage@38082d64]" name="teardown" is-config="true" duration-ms="0" started-at="2021-04-03T21:08:37Z" finished-at="2021-04-03T21:08:37Z">
          <reporter-output>
          </reporter-output>
        </test-method> <!-- teardown -->
      </class> <!-- Target.TestTargetPasswordRecoveryPage -->
      <class name="Target.TestTargetCategories">
        <test-method status="SKIP" signature="regressionDeliveryFilters()[pri:0, instance:Target.TestTargetCategories@3fb6a447]" name="regressionDeliveryFilters" duration-ms="0" started-at="2021-04-03T21:08:37Z" finished-at="2021-04-03T21:08:37Z">
          <reporter-output>
          </reporter-output>
        </test-method> <!-- regressionDeliveryFilters -->
        <test-method status="SKIP" signature="methodLevelSetUp()[pri:0, instance:Target.TestTargetCategories@3fb6a447]" name="methodLevelSetUp" is-config="true" duration-ms="0" started-at="2021-04-03T21:08:37Z" finished-at="2021-04-03T21:08:37Z">
          <reporter-output>
          </reporter-output>
        </test-method> <!-- methodLevelSetUp -->
        <test-method status="SKIP" signature="methodLevelSetUp()[pri:0, instance:Target.TestTargetCategories@3fb6a447]" name="methodLevelSetUp" is-config="true" duration-ms="0" started-at="2021-04-03T21:08:37Z" finished-at="2021-04-03T21:08:37Z">
          <reporter-output>
          </reporter-output>
        </test-method> <!-- methodLevelSetUp -->
        <test-method status="SKIP" signature="teardown()[pri:0, instance:Target.TestTargetCategories@3fb6a447]" name="teardown" is-config="true" duration-ms="0" started-at="2021-04-03T21:08:37Z" finished-at="2021-04-03T21:08:37Z">
          <reporter-output>
          </reporter-output>
        </test-method> <!-- teardown -->
        <test-method status="SKIP" signature="TestSetUp(java.lang.String, java.lang.String)[pri:0, instance:Target.TestTargetCategories@3fb6a447]" name="TestSetUp" is-config="true" duration-ms="0" started-at="2021-04-03T21:08:37Z" finished-at="2021-04-03T21:08:37Z">
          <reporter-output>
          </reporter-output>
        </test-method> <!-- TestSetUp -->
        <test-method status="SKIP" signature="regressionClothesFilters()[pri:0, instance:Target.TestTargetCategories@3fb6a447]" name="regressionClothesFilters" duration-ms="0" started-at="2021-04-03T21:08:37Z" finished-at="2021-04-03T21:08:37Z">
          <reporter-output>
          </reporter-output>
        </test-method> <!-- regressionClothesFilters -->
      </class> <!-- Target.TestTargetCategories -->
      <class name="Target.TestTargetPage">
        <test-method status="SKIP" signature="TestSetUp(java.lang.String, java.lang.String)[pri:0, instance:Target.TestTargetPage@2ed94a8b]" name="TestSetUp" is-config="true" duration-ms="0" started-at="2021-04-03T21:08:37Z" finished-at="2021-04-03T21:08:37Z">
          <reporter-output>
          </reporter-output>
        </test-method> <!-- TestSetUp -->
        <test-method status="SKIP" signature="resetTest()[pri:0, instance:Target.TestTargetPage@2ed94a8b]" name="resetTest" is-config="true" duration-ms="0" started-at="2021-04-03T21:08:37Z" finished-at="2021-04-03T21:08:37Z">
          <reporter-output>
          </reporter-output>
        </test-method> <!-- resetTest -->
        <test-method status="SKIP" signature="teardown()[pri:0, instance:Target.TestTargetPage@2ed94a8b]" name="teardown" is-config="true" duration-ms="0" started-at="2021-04-03T21:08:37Z" finished-at="2021-04-03T21:08:37Z">
          <reporter-output>
          </reporter-output>
        </test-method> <!-- teardown -->
        <test-method status="SKIP" signature="methodLevelSetUp()[pri:0, instance:Target.TestTargetPage@2ed94a8b]" name="methodLevelSetUp" is-config="true" duration-ms="0" started-at="2021-04-03T21:08:37Z" finished-at="2021-04-03T21:08:37Z">
          <reporter-output>
          </reporter-output>
        </test-method> <!-- methodLevelSetUp -->
        <test-method status="SKIP" signature="regressionUseLocation()[pri:0, instance:Target.TestTargetPage@2ed94a8b]" name="regressionUseLocation" duration-ms="0" started-at="2021-04-03T21:08:37Z" finished-at="2021-04-03T21:08:37Z">
          <reporter-output>
          </reporter-output>
        </test-method> <!-- regressionUseLocation -->
      </class> <!-- Target.TestTargetPage -->
      <class name="Target.TestTargetDetailPage">
        <test-method status="SKIP" signature="methodLevelSetUp()[pri:0, instance:Target.TestTargetDetailPage@79b4d0f]" name="methodLevelSetUp" is-config="true" duration-ms="0" started-at="2021-04-03T21:08:37Z" finished-at="2021-04-03T21:08:37Z">
          <reporter-output>
          </reporter-output>
        </test-method> <!-- methodLevelSetUp -->
        <test-method status="SKIP" signature="testNotDetailFoundItem()[pri:0, instance:Target.TestTargetDetailPage@79b4d0f]" name="testNotDetailFoundItem" duration-ms="0" started-at="2021-04-03T21:08:37Z" finished-at="2021-04-03T21:08:37Z">
          <reporter-output>
          </reporter-output>
        </test-method> <!-- testNotDetailFoundItem -->
        <test-method status="SKIP" signature="testDisplayDetailItem()[pri:0, instance:Target.TestTargetDetailPage@79b4d0f]" name="testDisplayDetailItem" duration-ms="0" started-at="2021-04-03T21:08:37Z" finished-at="2021-04-03T21:08:37Z">
          <reporter-output>
          </reporter-output>
        </test-method> <!-- testDisplayDetailItem -->
        <test-method status="SKIP" signature="methodLevelSetUp()[pri:0, instance:Target.TestTargetDetailPage@79b4d0f]" name="methodLevelSetUp" is-config="true" duration-ms="0" started-at="2021-04-03T21:08:37Z" finished-at="2021-04-03T21:08:37Z">
          <reporter-output>
          </reporter-output>
        </test-method> <!-- methodLevelSetUp -->
        <test-method status="SKIP" signature="TestSetUp(java.lang.String, java.lang.String)[pri:0, instance:Target.TestTargetDetailPage@79b4d0f]" name="TestSetUp" is-config="true" duration-ms="0" started-at="2021-04-03T21:08:37Z" finished-at="2021-04-03T21:08:37Z">
          <reporter-output>
          </reporter-output>
        </test-method> <!-- TestSetUp -->
        <test-method status="SKIP" signature="teardown()[pri:0, instance:Target.TestTargetDetailPage@79b4d0f]" name="teardown" is-config="true" duration-ms="0" started-at="2021-04-03T21:08:37Z" finished-at="2021-04-03T21:08:37Z">
          <reporter-output>
          </reporter-output>
        </test-method> <!-- teardown -->
      </class> <!-- Target.TestTargetDetailPage -->
      <class name="Target.TestTargetFavoritePage">
        <test-method status="SKIP" signature="TestSetUp(java.lang.String, java.lang.String)[pri:0, instance:Target.TestTargetFavoritePage@6b2fad11]" name="TestSetUp" is-config="true" duration-ms="0" started-at="2021-04-03T21:08:37Z" finished-at="2021-04-03T21:08:37Z">
          <reporter-output>
          </reporter-output>
        </test-method> <!-- TestSetUp -->
        <test-method status="SKIP" signature="testFavoriteSave()[pri:0, instance:Target.TestTargetFavoritePage@6b2fad11]" name="testFavoriteSave" duration-ms="0" started-at="2021-04-03T21:08:37Z" finished-at="2021-04-03T21:08:37Z">
          <reporter-output>
          </reporter-output>
        </test-method> <!-- testFavoriteSave -->
        <test-method status="SKIP" signature="methodLevelSetUp()[pri:0, instance:Target.TestTargetFavoritePage@6b2fad11]" name="methodLevelSetUp" is-config="true" duration-ms="0" started-at="2021-04-03T21:08:37Z" finished-at="2021-04-03T21:08:37Z">
          <reporter-output>
          </reporter-output>
        </test-method> <!-- methodLevelSetUp -->
        <test-method status="SKIP" signature="methodLevelSetUp()[pri:0, instance:Target.TestTargetFavoritePage@6b2fad11]" name="methodLevelSetUp" is-config="true" duration-ms="0" started-at="2021-04-03T21:08:37Z" finished-at="2021-04-03T21:08:37Z">
          <reporter-output>
          </reporter-output>
        </test-method> <!-- methodLevelSetUp -->
        <test-method status="SKIP" signature="testFavoriteSaveRemoveDisplay()[pri:0, instance:Target.TestTargetFavoritePage@6b2fad11]" name="testFavoriteSaveRemoveDisplay" duration-ms="0" started-at="2021-04-03T21:08:37Z" finished-at="2021-04-03T21:08:37Z">
          <reporter-output>
          </reporter-output>
        </test-method> <!-- testFavoriteSaveRemoveDisplay -->
        <test-method status="SKIP" signature="methodLevelSetUp()[pri:0, instance:Target.TestTargetFavoritePage@6b2fad11]" name="methodLevelSetUp" is-config="true" duration-ms="0" started-at="2021-04-03T21:08:37Z" finished-at="2021-04-03T21:08:37Z">
          <reporter-output>
          </reporter-output>
        </test-method> <!-- methodLevelSetUp -->
        <test-method status="SKIP" signature="methodLevelSetUp()[pri:0, instance:Target.TestTargetFavoritePage@6b2fad11]" name="methodLevelSetUp" is-config="true" duration-ms="0" started-at="2021-04-03T21:08:37Z" finished-at="2021-04-03T21:08:37Z">
          <reporter-output>
          </reporter-output>
        </test-method> <!-- methodLevelSetUp -->
        <test-method status="SKIP" signature="testFavoriteSaveDisplay()[pri:0, instance:Target.TestTargetFavoritePage@6b2fad11]" name="testFavoriteSaveDisplay" duration-ms="0" started-at="2021-04-03T21:08:37Z" finished-at="2021-04-03T21:08:37Z">
          <reporter-output>
          </reporter-output>
        </test-method> <!-- testFavoriteSaveDisplay -->
        <test-method status="SKIP" signature="testFavoriteSaveRemove()[pri:0, instance:Target.TestTargetFavoritePage@6b2fad11]" name="testFavoriteSaveRemove" duration-ms="0" started-at="2021-04-03T21:08:37Z" finished-at="2021-04-03T21:08:37Z">
          <reporter-output>
          </reporter-output>
        </test-method> <!-- testFavoriteSaveRemove -->
        <test-method status="SKIP" signature="teardown()[pri:0, instance:Target.TestTargetFavoritePage@6b2fad11]" name="teardown" is-config="true" duration-ms="0" started-at="2021-04-03T21:08:37Z" finished-at="2021-04-03T21:08:37Z">
          <reporter-output>
          </reporter-output>
        </test-method> <!-- teardown -->
      </class> <!-- Target.TestTargetFavoritePage -->
      <class name="Target.TestTargetShoppingCart">
        <test-method status="SKIP" signature="TestSetUp(java.lang.String, java.lang.String)[pri:0, instance:Target.TestTargetShoppingCart@42d3bd8b]" name="TestSetUp" is-config="true" duration-ms="0" started-at="2021-04-03T21:08:37Z" finished-at="2021-04-03T21:08:37Z">
          <reporter-output>
          </reporter-output>
        </test-method> <!-- TestSetUp -->
        <test-method status="SKIP" signature="addItemToCart()[pri:0, instance:Target.TestTargetShoppingCart@42d3bd8b]" name="addItemToCart" duration-ms="0" started-at="2021-04-03T21:08:37Z" finished-at="2021-04-03T21:08:37Z">
          <reporter-output>
          </reporter-output>
        </test-method> <!-- addItemToCart -->
        <test-method status="SKIP" signature="methodLevelSetUp()[pri:0, instance:Target.TestTargetShoppingCart@42d3bd8b]" name="methodLevelSetUp" is-config="true" duration-ms="0" started-at="2021-04-03T21:08:37Z" finished-at="2021-04-03T21:08:37Z">
          <reporter-output>
          </reporter-output>
        </test-method> <!-- methodLevelSetUp -->
        <test-method status="SKIP" signature="methodLevelSetUp()[pri:0, instance:Target.TestTargetShoppingCart@42d3bd8b]" name="methodLevelSetUp" is-config="true" duration-ms="0" started-at="2021-04-03T21:08:37Z" finished-at="2021-04-03T21:08:37Z">
          <reporter-output>
          </reporter-output>
        </test-method> <!-- methodLevelSetUp -->
        <test-method status="SKIP" signature="deleteItemfromCart()[pri:0, instance:Target.TestTargetShoppingCart@42d3bd8b]" name="deleteItemfromCart" duration-ms="0" started-at="2021-04-03T21:08:37Z" finished-at="2021-04-03T21:08:37Z">
          <reporter-output>
          </reporter-output>
        </test-method> <!-- deleteItemfromCart -->
        <test-method status="SKIP" signature="teardown()[pri:0, instance:Target.TestTargetShoppingCart@42d3bd8b]" name="teardown" is-config="true" duration-ms="0" started-at="2021-04-03T21:08:37Z" finished-at="2021-04-03T21:08:37Z">
          <reporter-output>
          </reporter-output>
        </test-method> <!-- teardown -->
      </class> <!-- Target.TestTargetShoppingCart -->
      <class name="Target.TestFindMyStore">
        <test-method status="FAIL" signature="TestSetUp(java.lang.String, java.lang.String)[pri:0, instance:Target.TestFindMyStore@7a5d012c]" name="TestSetUp" is-config="true" duration-ms="0" started-at="2021-04-03T21:08:37Z" finished-at="2021-04-03T21:08:37Z">
          <exception class="org.testng.TestNGException">
            <message>
              <![CDATA[
Parameter 'Browser' is required by @Configuration on method TestSetUp but has not been marked @Optional or defined
]]>
            </message>
            <full-stacktrace>
              <![CDATA[org.testng.TestNGException: 
Parameter 'Browser' is required by @Configuration on method TestSetUp but has not been marked @Optional or defined

	at org.testng.internal.Parameters.createParameters(Parameters.java:156)
	at org.testng.internal.Parameters.createParameters(Parameters.java:370)
	at org.testng.internal.Parameters.createConfigurationParameters(Parameters.java:86)
	at org.testng.internal.Invoker.invokeConfigurations(Invoker.java:202)
	at org.testng.internal.Invoker.invokeConfigurations(Invoker.java:143)
	at org.testng.internal.TestMethodWorker.invokeBeforeClassMethods(TestMethodWorker.java:169)
	at org.testng.internal.TestMethodWorker.run(TestMethodWorker.java:108)
	at org.testng.TestRunner.privateRun(TestRunner.java:753)
	at org.testng.TestRunner.run(TestRunner.java:607)
	at org.testng.SuiteRunner.runTest(SuiteRunner.java:368)
	at org.testng.SuiteRunner.runSequentially(SuiteRunner.java:363)
	at org.testng.SuiteRunner.privateRun(SuiteRunner.java:321)
	at org.testng.SuiteRunner.run(SuiteRunner.java:270)
	at org.testng.SuiteRunnerWorker.runSuite(SuiteRunnerWorker.java:52)
	at org.testng.SuiteRunnerWorker.run(SuiteRunnerWorker.java:86)
	at org.testng.TestNG.runSuitesSequentially(TestNG.java:1284)
	at org.testng.TestNG.runSuitesLocally(TestNG.java:1209)
	at org.testng.TestNG.runSuites(TestNG.java:1124)
	at org.testng.TestNG.run(TestNG.java:1096)
	at org.apache.maven.surefire.testng.TestNGExecutor.run(TestNGExecutor.java:132)
	at org.apache.maven.surefire.testng.TestNGDirectoryTestSuite.executeMulti(TestNGDirectoryTestSuite.java:193)
	at org.apache.maven.surefire.testng.TestNGDirectoryTestSuite.execute(TestNGDirectoryTestSuite.java:94)
	at org.apache.maven.surefire.testng.TestNGProvider.invoke(TestNGProvider.java:147)
	at org.apache.maven.surefire.booter.ForkedBooter.invokeProviderInSameClassLoader(ForkedBooter.java:290)
	at org.apache.maven.surefire.booter.ForkedBooter.runSuitesInProcess(ForkedBooter.java:242)
	at org.apache.maven.surefire.booter.ForkedBooter.main(ForkedBooter.java:121)
]]>
            </full-stacktrace>
          </exception> <!-- org.testng.TestNGException -->
          <reporter-output>
          </reporter-output>
        </test-method> <!-- TestSetUp -->
        <test-method status="SKIP" signature="methodLevelSetUp()[pri:0, instance:Target.TestFindMyStore@7a5d012c]" name="methodLevelSetUp" is-config="true" duration-ms="0" started-at="2021-04-03T21:08:37Z" finished-at="2021-04-03T21:08:37Z">
          <reporter-output>
          </reporter-output>
        </test-method> <!-- methodLevelSetUp -->
        <test-method status="SKIP" signature="smokeTestFilterStore()[pri:0, instance:Target.TestFindMyStore@7a5d012c]" name="smokeTestFilterStore" duration-ms="4" started-at="2021-04-03T21:08:37Z" finished-at="2021-04-03T21:08:37Z">
          <reporter-output>
          </reporter-output>
        </test-method> <!-- smokeTestFilterStore -->
        <test-method status="SKIP" signature="teardown()[pri:0, instance:Target.TestFindMyStore@7a5d012c]" name="teardown" is-config="true" duration-ms="0" started-at="2021-04-03T21:08:37Z" finished-at="2021-04-03T21:08:37Z">
          <reporter-output>
          </reporter-output>
        </test-method> <!-- teardown -->
      </class> <!-- Target.TestFindMyStore -->
      <class name="Target.TestTargetLogin">
        <test-method status="SKIP" signature="TestSetUp(java.lang.String, java.lang.String)[pri:0, instance:Target.TestTargetLogin@79698539]" name="TestSetUp" is-config="true" duration-ms="0" started-at="2021-04-03T21:08:37Z" finished-at="2021-04-03T21:08:37Z">
          <reporter-output>
          </reporter-output>
        </test-method> <!-- TestSetUp -->
        <test-method status="SKIP" signature="createAccountWithUsedEmail()[pri:0, instance:Target.TestTargetLogin@79698539]" name="createAccountWithUsedEmail" duration-ms="1" started-at="2021-04-03T21:08:37Z" finished-at="2021-04-03T21:08:37Z">
          <reporter-output>
          </reporter-output>
        </test-method> <!-- createAccountWithUsedEmail -->
        <test-method status="SKIP" signature="methodLevelSetUp()[pri:0, instance:Target.TestTargetLogin@79698539]" name="methodLevelSetUp" is-config="true" duration-ms="0" started-at="2021-04-03T21:08:37Z" finished-at="2021-04-03T21:08:37Z">
          <reporter-output>
          </reporter-output>
        </test-method> <!-- methodLevelSetUp -->
        <test-method status="SKIP" signature="testLogin()[pri:0, instance:Target.TestTargetLogin@79698539]" name="testLogin" duration-ms="0" started-at="2021-04-03T21:08:37Z" finished-at="2021-04-03T21:08:37Z">
          <reporter-output>
          </reporter-output>
        </test-method> <!-- testLogin -->
        <test-method status="SKIP" signature="methodLevelSetUp()[pri:0, instance:Target.TestTargetLogin@79698539]" name="methodLevelSetUp" is-config="true" duration-ms="0" started-at="2021-04-03T21:08:37Z" finished-at="2021-04-03T21:08:37Z">
          <reporter-output>
          </reporter-output>
        </test-method> <!-- methodLevelSetUp -->
        <test-method status="SKIP" signature="testFakeUserLogin()[pri:0, instance:Target.TestTargetLogin@79698539]" name="testFakeUserLogin" duration-ms="0" started-at="2021-04-03T21:08:37Z" finished-at="2021-04-03T21:08:37Z">
          <reporter-output>
          </reporter-output>
        </test-method> <!-- testFakeUserLogin -->
        <test-method status="SKIP" signature="methodLevelSetUp()[pri:0, instance:Target.TestTargetLogin@79698539]" name="methodLevelSetUp" is-config="true" duration-ms="0" started-at="2021-04-03T21:08:37Z" finished-at="2021-04-03T21:08:37Z">
          <reporter-output>
          </reporter-output>
        </test-method> <!-- methodLevelSetUp -->
        <test-method status="SKIP" signature="teardown()[pri:0, instance:Target.TestTargetLogin@79698539]" name="teardown" is-config="true" duration-ms="0" started-at="2021-04-03T21:08:37Z" finished-at="2021-04-03T21:08:37Z">
          <reporter-output>
          </reporter-output>
        </test-method> <!-- teardown -->
      </class> <!-- Target.TestTargetLogin -->
      <class name="Target.TestTargetSearchPage">
        <test-method status="SKIP" signature="TestSetUp(java.lang.String, java.lang.String)[pri:0, instance:Target.TestTargetSearchPage@dfd3711]" name="TestSetUp" is-config="true" duration-ms="0" started-at="2021-04-03T21:08:37Z" finished-at="2021-04-03T21:08:37Z">
          <reporter-output>
          </reporter-output>
        </test-method> <!-- TestSetUp -->
        <test-method status="SKIP" signature="methodLevelSetUp()[pri:0, instance:Target.TestTargetSearchPage@dfd3711]" name="methodLevelSetUp" is-config="true" duration-ms="0" started-at="2021-04-03T21:08:37Z" finished-at="2021-04-03T21:08:37Z">
          <reporter-output>
          </reporter-output>
        </test-method> <!-- methodLevelSetUp -->
        <test-method status="SKIP" signature="methodLevelSetUp()[pri:0, instance:Target.TestTargetSearchPage@dfd3711]" name="methodLevelSetUp" is-config="true" duration-ms="0" started-at="2021-04-03T21:08:37Z" finished-at="2021-04-03T21:08:37Z">
          <reporter-output>
          </reporter-output>
        </test-method> <!-- methodLevelSetUp -->
        <test-method status="SKIP" signature="testCategoryNotFound()[pri:0, instance:Target.TestTargetSearchPage@dfd3711]" name="testCategoryNotFound" duration-ms="0" started-at="2021-04-03T21:08:37Z" finished-at="2021-04-03T21:08:37Z">
          <reporter-output>
          </reporter-output>
        </test-method> <!-- testCategoryNotFound -->
        <test-method status="SKIP" signature="methodLevelSetUp()[pri:0, instance:Target.TestTargetSearchPage@dfd3711]" name="methodLevelSetUp" is-config="true" duration-ms="0" started-at="2021-04-03T21:08:37Z" finished-at="2021-04-03T21:08:37Z">
          <reporter-output>
          </reporter-output>
        </test-method> <!-- methodLevelSetUp -->
        <test-method status="SKIP" signature="testSearchCategory()[pri:0, instance:Target.TestTargetSearchPage@dfd3711]" name="testSearchCategory" duration-ms="0" started-at="2021-04-03T21:08:37Z" finished-at="2021-04-03T21:08:37Z">
          <reporter-output>
          </reporter-output>
        </test-method> <!-- testSearchCategory -->
        <test-method status="SKIP" signature="testDisplayCategory()[pri:0, instance:Target.TestTargetSearchPage@dfd3711]" name="testDisplayCategory" duration-ms="0" started-at="2021-04-03T21:08:37Z" finished-at="2021-04-03T21:08:37Z">
          <reporter-output>
          </reporter-output>
        </test-method> <!-- testDisplayCategory -->
        <test-method status="SKIP" signature="methodLevelSetUp()[pri:0, instance:Target.TestTargetSearchPage@dfd3711]" name="methodLevelSetUp" is-config="true" duration-ms="0" started-at="2021-04-03T21:08:37Z" finished-at="2021-04-03T21:08:37Z">
          <reporter-output>
          </reporter-output>
        </test-method> <!-- methodLevelSetUp -->
        <test-method status="SKIP" signature="testSearchItem()[pri:0, instance:Target.TestTargetSearchPage@dfd3711]" name="testSearchItem" duration-ms="0" started-at="2021-04-03T21:08:37Z" finished-at="2021-04-03T21:08:37Z">
          <reporter-output>
          </reporter-output>
        </test-method> <!-- testSearchItem -->
        <test-method status="SKIP" signature="testSupportTypoItem()[pri:0, instance:Target.TestTargetSearchPage@dfd3711]" name="testSupportTypoItem" duration-ms="0" started-at="2021-04-03T21:08:37Z" finished-at="2021-04-03T21:08:37Z">
          <reporter-output>
          </reporter-output>
        </test-method> <!-- testSupportTypoItem -->
        <test-method status="SKIP" signature="methodLevelSetUp()[pri:0, instance:Target.TestTargetSearchPage@dfd3711]" name="methodLevelSetUp" is-config="true" duration-ms="0" started-at="2021-04-03T21:08:37Z" finished-at="2021-04-03T21:08:37Z">
          <reporter-output>
          </reporter-output>
        </test-method> <!-- methodLevelSetUp -->
        <test-method status="SKIP" signature="teardown()[pri:0, instance:Target.TestTargetSearchPage@dfd3711]" name="teardown" is-config="true" duration-ms="0" started-at="2021-04-03T21:08:37Z" finished-at="2021-04-03T21:08:37Z">
          <reporter-output>
          </reporter-output>
        </test-method> <!-- teardown -->
      </class> <!-- Target.TestTargetSearchPage -->
      <class name="Target.TestTargetMenuNav">
        <test-method status="SKIP" signature="methodLevelSetUp()[pri:0, instance:Target.TestTargetMenuNav@73f792cf]" name="methodLevelSetUp" is-config="true" duration-ms="0" started-at="2021-04-03T21:08:37Z" finished-at="2021-04-03T21:08:37Z">
          <reporter-output>
          </reporter-output>
        </test-method> <!-- methodLevelSetUp -->
        <test-method status="SKIP" signature="TestSetUp(java.lang.String, java.lang.String)[pri:0, instance:Target.TestTargetMenuNav@73f792cf]" name="TestSetUp" is-config="true" duration-ms="0" started-at="2021-04-03T21:08:37Z" finished-at="2021-04-03T21:08:37Z">
          <reporter-output>
          </reporter-output>
        </test-method> <!-- TestSetUp -->
        <test-method status="SKIP" signature="teardown()[pri:0, instance:Target.TestTargetMenuNav@73f792cf]" name="teardown" is-config="true" duration-ms="0" started-at="2021-04-03T21:08:37Z" finished-at="2021-04-03T21:08:37Z">
          <reporter-output>
          </reporter-output>
        </test-method> <!-- teardown -->
        <test-method status="SKIP" signature="regressionWhatsNewNav()[pri:0, instance:Target.TestTargetMenuNav@73f792cf]" name="regressionWhatsNewNav" duration-ms="0" started-at="2021-04-03T21:08:37Z" finished-at="2021-04-03T21:08:37Z">
          <reporter-output>
          </reporter-output>
        </test-method> <!-- regressionWhatsNewNav -->
      </class> <!-- Target.TestTargetMenuNav -->
    </test> <!-- Surefire test -->
  </suite> <!-- Surefire suite -->
</testng-results>
